<?xml version="1.0" encoding="UTF-8"?>
<!-- Generated by org.testng.reporters.JUnitReportReporter -->
<testsuite hostname="DESKTOP-BUGKGO7" failures="0" tests="1" name="com.example.trading.tests.StockQuoteTest" time="1.028" errors="0" timestamp="2025-09-29T20:10:53 IST" skipped="0">
  <testcase classname="com.example.trading.tests.StockQuoteTest" name="openEt52WeekHighPage" time="1.028"/>
</testsuite> <!-- com.example.trading.tests.StockQuoteTest -->
